[0.219s] DEBUG:colcon:Command line arguments: ['/usr/bin/colcon', 'build', '--symlink-install']
[0.219s] DEBUG:colcon:Parsed command line arguments: Namespace(log_base=None, log_level=None, verb_name='build', build_base='build', install_base='install', merge_install=False, symlink_install=True, test_result_base=None, continue_on_error=False, executor='parallel', parallel_workers=4, event_handlers=None, ignore_user_meta=False, metas=['./colcon.meta'], base_paths=['.'], packages_ignore=None, packages_ignore_regex=None, paths=None, packages_up_to=None, packages_up_to_regex=None, packages_above=None, packages_above_and_dependencies=None, packages_above_depth=None, packages_select_by_dep=None, packages_skip_by_dep=None, packages_skip_up_to=None, packages_select_build_failed=False, packages_skip_build_finished=False, packages_select_test_failures=False, packages_skip_test_passed=False, packages_select=None, packages_skip=None, packages_select_regex=None, packages_skip_regex=None, packages_start=None, packages_end=None, allow_overriding=[], cmake_args=None, cmake_target=None, cmake_target_skip_unavailable=False, cmake_clean_cache=False, cmake_clean_first=False, cmake_force_configure=False, ament_cmake_args=None, catkin_cmake_args=None, catkin_skip_building_tests=False, mixin_files=None, mixin=None, verb_parser=<colcon_mixin.mixin.mixin_argument.MixinArgumentDecorator object at 0xffff99ba82f0>, verb_extension=<colcon_core.verb.build.BuildVerb object at 0xffff99ccc8c0>, main=<bound method BuildVerb.main of <colcon_core.verb.build.BuildVerb object at 0xffff99ccc8c0>>, mixin_verb=('build',))
[0.410s] Level 1:colcon.colcon_core.package_discovery:discover_packages(colcon_meta) check parameters
[0.410s] Level 1:colcon.colcon_core.package_discovery:discover_packages(recursive) check parameters
[0.410s] Level 1:colcon.colcon_core.package_discovery:discover_packages(ignore) check parameters
[0.410s] Level 1:colcon.colcon_core.package_discovery:discover_packages(path) check parameters
[0.410s] Level 1:colcon.colcon_core.package_discovery:discover_packages(colcon_meta) discover
[0.410s] Level 1:colcon.colcon_core.package_discovery:discover_packages(recursive) discover
[0.411s] INFO:colcon.colcon_core.package_discovery:Crawling recursively for packages in '/home/josh/robot-ws/src'
[0.411s] Level 1:colcon.colcon_core.package_identification:_identify(.) by extensions ['ignore', 'ignore_ament_install']
[0.411s] Level 1:colcon.colcon_core.package_identification:_identify(.) by extension 'ignore'
[0.411s] Level 1:colcon.colcon_core.package_identification:_identify(.) by extension 'ignore_ament_install'
[0.411s] Level 1:colcon.colcon_core.package_identification:_identify(.) by extensions ['colcon_pkg']
[0.411s] Level 1:colcon.colcon_core.package_identification:_identify(.) by extension 'colcon_pkg'
[0.411s] Level 1:colcon.colcon_core.package_identification:_identify(.) by extensions ['colcon_meta']
[0.411s] Level 1:colcon.colcon_core.package_identification:_identify(.) by extension 'colcon_meta'
[0.411s] Level 1:colcon.colcon_core.package_identification:_identify(.) by extensions ['ros']
[0.411s] Level 1:colcon.colcon_core.package_identification:_identify(.) by extension 'ros'
[0.498s] Level 1:colcon.colcon_core.package_identification:_identify(.) by extensions ['cmake', 'python']
[0.498s] Level 1:colcon.colcon_core.package_identification:_identify(.) by extension 'cmake'
[0.498s] Level 1:colcon.colcon_core.package_identification:_identify(.) by extension 'python'
[0.498s] Level 1:colcon.colcon_core.package_identification:_identify(.) by extensions ['python_setup_py']
[0.498s] Level 1:colcon.colcon_core.package_identification:_identify(.) by extension 'python_setup_py'
[0.498s] Level 1:colcon.colcon_core.package_identification:_identify(SerialCommsPkg) by extensions ['ignore', 'ignore_ament_install']
[0.498s] Level 1:colcon.colcon_core.package_identification:_identify(SerialCommsPkg) by extension 'ignore'
[0.498s] Level 1:colcon.colcon_core.package_identification:_identify(SerialCommsPkg) by extension 'ignore_ament_install'
[0.498s] Level 1:colcon.colcon_core.package_identification:_identify(SerialCommsPkg) by extensions ['colcon_pkg']
[0.498s] Level 1:colcon.colcon_core.package_identification:_identify(SerialCommsPkg) by extension 'colcon_pkg'
[0.498s] Level 1:colcon.colcon_core.package_identification:_identify(SerialCommsPkg) by extensions ['colcon_meta']
[0.498s] Level 1:colcon.colcon_core.package_identification:_identify(SerialCommsPkg) by extension 'colcon_meta'
[0.499s] Level 1:colcon.colcon_core.package_identification:_identify(SerialCommsPkg) by extensions ['ros']
[0.499s] Level 1:colcon.colcon_core.package_identification:_identify(SerialCommsPkg) by extension 'ros'
[0.508s] DEBUG:colcon.colcon_core.package_identification:Package 'SerialCommsPkg' with type 'ros.ament_python' and name 'SerialCommsPkg'
[0.508s] Level 1:colcon.colcon_core.package_identification:_identify(build) by extensions ['ignore', 'ignore_ament_install']
[0.508s] Level 1:colcon.colcon_core.package_identification:_identify(build) by extension 'ignore'
[0.508s] Level 1:colcon.colcon_core.package_identification:_identify(build) ignored
[0.509s] Level 1:colcon.colcon_core.package_identification:_identify(connectFirebasePkg) by extensions ['ignore', 'ignore_ament_install']
[0.509s] Level 1:colcon.colcon_core.package_identification:_identify(connectFirebasePkg) by extension 'ignore'
[0.509s] Level 1:colcon.colcon_core.package_identification:_identify(connectFirebasePkg) by extension 'ignore_ament_install'
[0.509s] Level 1:colcon.colcon_core.package_identification:_identify(connectFirebasePkg) by extensions ['colcon_pkg']
[0.509s] Level 1:colcon.colcon_core.package_identification:_identify(connectFirebasePkg) by extension 'colcon_pkg'
[0.509s] Level 1:colcon.colcon_core.package_identification:_identify(connectFirebasePkg) by extensions ['colcon_meta']
[0.509s] Level 1:colcon.colcon_core.package_identification:_identify(connectFirebasePkg) by extension 'colcon_meta'
[0.509s] Level 1:colcon.colcon_core.package_identification:_identify(connectFirebasePkg) by extensions ['ros']
[0.509s] Level 1:colcon.colcon_core.package_identification:_identify(connectFirebasePkg) by extension 'ros'
[0.510s] DEBUG:colcon.colcon_core.package_identification:Package 'connectFirebasePkg' with type 'ros.ament_python' and name 'connectFirebasePkg'
[0.510s] Level 1:colcon.colcon_core.package_identification:_identify(install) by extensions ['ignore', 'ignore_ament_install']
[0.510s] Level 1:colcon.colcon_core.package_identification:_identify(install) by extension 'ignore'
[0.510s] Level 1:colcon.colcon_core.package_identification:_identify(install) ignored
[0.510s] Level 1:colcon.colcon_core.package_identification:_identify(log) by extensions ['ignore', 'ignore_ament_install']
[0.511s] Level 1:colcon.colcon_core.package_identification:_identify(log) by extension 'ignore'
[0.511s] Level 1:colcon.colcon_core.package_identification:_identify(log) ignored
[0.511s] Level 1:colcon.colcon_core.package_discovery:discover_packages(recursive) using defaults
[0.511s] Level 1:colcon.colcon_core.package_discovery:discover_packages(ignore) discover
[0.511s] Level 1:colcon.colcon_core.package_discovery:discover_packages(ignore) using defaults
[0.511s] Level 1:colcon.colcon_core.package_discovery:discover_packages(path) discover
[0.511s] Level 1:colcon.colcon_core.package_discovery:discover_packages(path) using defaults
[0.559s] Level 1:colcon.colcon_core.package_discovery:discover_packages(prefix_path) check parameters
[0.559s] Level 1:colcon.colcon_core.package_discovery:discover_packages(prefix_path) discover
[0.566s] DEBUG:colcon.colcon_installed_package_information.package_discovery:Found 2 installed packages in /home/josh/robot-ws/install
[0.568s] DEBUG:colcon.colcon_installed_package_information.package_discovery:Found 285 installed packages in /opt/ros/jazzy
[0.569s] Level 1:colcon.colcon_core.package_discovery:discover_packages(prefix_path) using defaults
[0.629s] Level 5:colcon.colcon_core.verb:set package 'SerialCommsPkg' build argument 'cmake_args' from command line to 'None'
[0.629s] Level 5:colcon.colcon_core.verb:set package 'SerialCommsPkg' build argument 'cmake_target' from command line to 'None'
[0.630s] Level 5:colcon.colcon_core.verb:set package 'SerialCommsPkg' build argument 'cmake_target_skip_unavailable' from command line to 'False'
[0.630s] Level 5:colcon.colcon_core.verb:set package 'SerialCommsPkg' build argument 'cmake_clean_cache' from command line to 'False'
[0.630s] Level 5:colcon.colcon_core.verb:set package 'SerialCommsPkg' build argument 'cmake_clean_first' from command line to 'False'
[0.630s] Level 5:colcon.colcon_core.verb:set package 'SerialCommsPkg' build argument 'cmake_force_configure' from command line to 'False'
[0.630s] Level 5:colcon.colcon_core.verb:set package 'SerialCommsPkg' build argument 'ament_cmake_args' from command line to 'None'
[0.630s] Level 5:colcon.colcon_core.verb:set package 'SerialCommsPkg' build argument 'catkin_cmake_args' from command line to 'None'
[0.630s] Level 5:colcon.colcon_core.verb:set package 'SerialCommsPkg' build argument 'catkin_skip_building_tests' from command line to 'False'
[0.630s] DEBUG:colcon.colcon_core.verb:Building package 'SerialCommsPkg' with the following arguments: {'ament_cmake_args': None, 'build_base': '/home/josh/robot-ws/src/build/SerialCommsPkg', 'catkin_cmake_args': None, 'catkin_skip_building_tests': False, 'cmake_args': None, 'cmake_clean_cache': False, 'cmake_clean_first': False, 'cmake_force_configure': False, 'cmake_target': None, 'cmake_target_skip_unavailable': False, 'install_base': '/home/josh/robot-ws/src/install/SerialCommsPkg', 'merge_install': False, 'path': '/home/josh/robot-ws/src/SerialCommsPkg', 'symlink_install': True, 'test_result_base': None}
[0.630s] Level 5:colcon.colcon_core.verb:set package 'connectFirebasePkg' build argument 'cmake_args' from command line to 'None'
[0.630s] Level 5:colcon.colcon_core.verb:set package 'connectFirebasePkg' build argument 'cmake_target' from command line to 'None'
[0.630s] Level 5:colcon.colcon_core.verb:set package 'connectFirebasePkg' build argument 'cmake_target_skip_unavailable' from command line to 'False'
[0.630s] Level 5:colcon.colcon_core.verb:set package 'connectFirebasePkg' build argument 'cmake_clean_cache' from command line to 'False'
[0.630s] Level 5:colcon.colcon_core.verb:set package 'connectFirebasePkg' build argument 'cmake_clean_first' from command line to 'False'
[0.630s] Level 5:colcon.colcon_core.verb:set package 'connectFirebasePkg' build argument 'cmake_force_configure' from command line to 'False'
[0.630s] Level 5:colcon.colcon_core.verb:set package 'connectFirebasePkg' build argument 'ament_cmake_args' from command line to 'None'
[0.630s] Level 5:colcon.colcon_core.verb:set package 'connectFirebasePkg' build argument 'catkin_cmake_args' from command line to 'None'
[0.630s] Level 5:colcon.colcon_core.verb:set package 'connectFirebasePkg' build argument 'catkin_skip_building_tests' from command line to 'False'
[0.631s] DEBUG:colcon.colcon_core.verb:Building package 'connectFirebasePkg' with the following arguments: {'ament_cmake_args': None, 'build_base': '/home/josh/robot-ws/src/build/connectFirebasePkg', 'catkin_cmake_args': None, 'catkin_skip_building_tests': False, 'cmake_args': None, 'cmake_clean_cache': False, 'cmake_clean_first': False, 'cmake_force_configure': False, 'cmake_target': None, 'cmake_target_skip_unavailable': False, 'install_base': '/home/josh/robot-ws/src/install/connectFirebasePkg', 'merge_install': False, 'path': '/home/josh/robot-ws/src/connectFirebasePkg', 'symlink_install': True, 'test_result_base': None}
[0.631s] INFO:colcon.colcon_core.executor:Executing jobs using 'parallel' executor
[0.632s] DEBUG:colcon.colcon_parallel_executor.executor.parallel:run_until_complete
[0.632s] INFO:colcon.colcon_ros.task.ament_python.build:Building ROS package in '/home/josh/robot-ws/src/SerialCommsPkg' with build type 'ament_python'
[0.633s] Level 1:colcon.colcon_core.shell:create_environment_hook('SerialCommsPkg', 'ament_prefix_path')
[0.645s] INFO:colcon.colcon_core.plugin_system:Skipping extension 'colcon_core.shell.bat': Not used on non-Windows systems
[0.646s] INFO:colcon.colcon_core.shell:Creating environment hook '/home/josh/robot-ws/src/install/SerialCommsPkg/share/SerialCommsPkg/hook/ament_prefix_path.ps1'
[0.649s] INFO:colcon.colcon_core.shell:Creating environment descriptor '/home/josh/robot-ws/src/install/SerialCommsPkg/share/SerialCommsPkg/hook/ament_prefix_path.dsv'
[0.650s] INFO:colcon.colcon_core.shell:Creating environment hook '/home/josh/robot-ws/src/install/SerialCommsPkg/share/SerialCommsPkg/hook/ament_prefix_path.sh'
[0.652s] INFO:colcon.colcon_core.shell:Skip shell extension 'powershell' for command environment: Not usable outside of PowerShell
[0.652s] DEBUG:colcon.colcon_core.shell:Skip shell extension 'dsv' for command environment
[0.657s] INFO:colcon.colcon_ros.task.ament_python.build:Building ROS package in '/home/josh/robot-ws/src/connectFirebasePkg' with build type 'ament_python'
[0.657s] Level 1:colcon.colcon_core.shell:create_environment_hook('connectFirebasePkg', 'ament_prefix_path')
[0.657s] INFO:colcon.colcon_core.shell:Creating environment hook '/home/josh/robot-ws/src/install/connectFirebasePkg/share/connectFirebasePkg/hook/ament_prefix_path.ps1'
[0.658s] INFO:colcon.colcon_core.shell:Creating environment descriptor '/home/josh/robot-ws/src/install/connectFirebasePkg/share/connectFirebasePkg/hook/ament_prefix_path.dsv'
[0.659s] INFO:colcon.colcon_core.shell:Creating environment hook '/home/josh/robot-ws/src/install/connectFirebasePkg/share/connectFirebasePkg/hook/ament_prefix_path.sh'
[0.660s] INFO:colcon.colcon_core.shell:Skip shell extension 'powershell' for command environment: Not usable outside of PowerShell
[0.660s] DEBUG:colcon.colcon_core.shell:Skip shell extension 'dsv' for command environment
[1.005s] INFO:colcon.colcon_core.task.python.build:Building Python package in '/home/josh/robot-ws/src/SerialCommsPkg'
[1.006s] INFO:colcon.colcon_core.shell:Skip shell extension 'powershell' for command environment: Not usable outside of PowerShell
[1.006s] DEBUG:colcon.colcon_core.shell:Skip shell extension 'dsv' for command environment
[1.343s] INFO:colcon.colcon_core.task.python.build:Building Python package in '/home/josh/robot-ws/src/connectFirebasePkg'
[1.344s] INFO:colcon.colcon_core.shell:Skip shell extension 'powershell' for command environment: Not usable outside of PowerShell
[1.344s] DEBUG:colcon.colcon_core.shell:Skip shell extension 'dsv' for command environment
[2.985s] DEBUG:colcon.colcon_core.event_handler.log_command:Invoking command in '/home/josh/robot-ws/src/build/connectFirebasePkg': DEBUGINFOD_URLS=https://debuginfod.ubuntu.com PYTHONPATH=/home/josh/robot-ws/src/build/connectFirebasePkg/prefix_override:/usr/lib/python3/dist-packages/colcon_core/task/python/colcon_distutils_commands:/home/josh/robot-ws/src/install/connectFirebasePkg/lib/python3.12/site-packages:${PYTHONPATH} /usr/bin/python3 -W ignore:setup.py install is deprecated -W ignore:easy_install command is deprecated setup.py develop --editable --build-directory /home/josh/robot-ws/src/build/connectFirebasePkg/build --no-deps symlink_data
[2.999s] DEBUG:colcon.colcon_core.event_handler.log_command:Invoking command in '/home/josh/robot-ws/src/build/SerialCommsPkg': DEBUGINFOD_URLS=https://debuginfod.ubuntu.com PYTHONPATH=/home/josh/robot-ws/src/build/SerialCommsPkg/prefix_override:/usr/lib/python3/dist-packages/colcon_core/task/python/colcon_distutils_commands:/home/josh/robot-ws/src/install/SerialCommsPkg/lib/python3.12/site-packages:${PYTHONPATH} /usr/bin/python3 -W ignore:setup.py install is deprecated -W ignore:easy_install command is deprecated setup.py develop --editable --build-directory /home/josh/robot-ws/src/build/SerialCommsPkg/build --no-deps symlink_data
[4.013s] Level 1:colcon.colcon_core.shell:create_environment_hook('SerialCommsPkg', 'pythonpath_develop')
[4.013s] INFO:colcon.colcon_core.shell:Creating environment hook '/home/josh/robot-ws/src/build/SerialCommsPkg/share/SerialCommsPkg/hook/pythonpath_develop.ps1'
[4.014s] DEBUG:colcon.colcon_core.event_handler.log_command:Invoked command in '/home/josh/robot-ws/src/build/SerialCommsPkg' returned '0': DEBUGINFOD_URLS=https://debuginfod.ubuntu.com PYTHONPATH=/home/josh/robot-ws/src/build/SerialCommsPkg/prefix_override:/usr/lib/python3/dist-packages/colcon_core/task/python/colcon_distutils_commands:/home/josh/robot-ws/src/install/SerialCommsPkg/lib/python3.12/site-packages:${PYTHONPATH} /usr/bin/python3 -W ignore:setup.py install is deprecated -W ignore:easy_install command is deprecated setup.py develop --editable --build-directory /home/josh/robot-ws/src/build/SerialCommsPkg/build --no-deps symlink_data
[4.014s] INFO:colcon.colcon_core.shell:Creating environment descriptor '/home/josh/robot-ws/src/build/SerialCommsPkg/share/SerialCommsPkg/hook/pythonpath_develop.dsv'
[4.021s] INFO:colcon.colcon_core.shell:Creating environment hook '/home/josh/robot-ws/src/build/SerialCommsPkg/share/SerialCommsPkg/hook/pythonpath_develop.sh'
[4.028s] Level 1:colcon.colcon_core.environment:checking '/home/josh/robot-ws/src/install/SerialCommsPkg' for CMake module files
[4.029s] Level 1:colcon.colcon_core.environment:checking '/home/josh/robot-ws/src/install/SerialCommsPkg' for CMake config files
[4.030s] Level 1:colcon.colcon_core.environment:checking '/home/josh/robot-ws/src/install/SerialCommsPkg/lib'
[4.030s] Level 1:colcon.colcon_core.environment:checking '/home/josh/robot-ws/src/install/SerialCommsPkg/bin'
[4.030s] Level 1:colcon.colcon_core.environment:checking '/home/josh/robot-ws/src/install/SerialCommsPkg/lib/pkgconfig/SerialCommsPkg.pc'
[4.030s] Level 1:colcon.colcon_core.environment:checking '/home/josh/robot-ws/src/install/SerialCommsPkg/lib/python3.12/site-packages'
[4.030s] Level 1:colcon.colcon_core.shell:create_environment_hook('SerialCommsPkg', 'pythonpath')
[4.031s] INFO:colcon.colcon_core.shell:Creating environment hook '/home/josh/robot-ws/src/install/SerialCommsPkg/share/SerialCommsPkg/hook/pythonpath.ps1'
[4.031s] INFO:colcon.colcon_core.shell:Creating environment descriptor '/home/josh/robot-ws/src/install/SerialCommsPkg/share/SerialCommsPkg/hook/pythonpath.dsv'
[4.032s] INFO:colcon.colcon_core.shell:Creating environment hook '/home/josh/robot-ws/src/install/SerialCommsPkg/share/SerialCommsPkg/hook/pythonpath.sh'
[4.034s] Level 1:colcon.colcon_core.environment:checking '/home/josh/robot-ws/src/install/SerialCommsPkg/bin'
[4.034s] Level 1:colcon.colcon_core.environment:create_environment_scripts_only(SerialCommsPkg)
[4.034s] INFO:colcon.colcon_core.shell:Creating package script '/home/josh/robot-ws/src/install/SerialCommsPkg/share/SerialCommsPkg/package.ps1'
[4.038s] INFO:colcon.colcon_core.shell:Creating package descriptor '/home/josh/robot-ws/src/install/SerialCommsPkg/share/SerialCommsPkg/package.dsv'
[4.040s] INFO:colcon.colcon_core.shell:Creating package script '/home/josh/robot-ws/src/install/SerialCommsPkg/share/SerialCommsPkg/package.sh'
[4.042s] INFO:colcon.colcon_core.shell:Creating package script '/home/josh/robot-ws/src/install/SerialCommsPkg/share/SerialCommsPkg/package.bash'
[4.045s] INFO:colcon.colcon_core.shell:Creating package script '/home/josh/robot-ws/src/install/SerialCommsPkg/share/SerialCommsPkg/package.zsh'
[4.048s] Level 1:colcon.colcon_core.environment:create_file_with_runtime_dependencies(/home/josh/robot-ws/src/install/SerialCommsPkg/share/colcon-core/packages/SerialCommsPkg)
[4.050s] Level 1:colcon.colcon_core.shell:create_environment_hook('connectFirebasePkg', 'pythonpath_develop')
[4.050s] INFO:colcon.colcon_core.shell:Creating environment hook '/home/josh/robot-ws/src/build/connectFirebasePkg/share/connectFirebasePkg/hook/pythonpath_develop.ps1'
[4.051s] DEBUG:colcon.colcon_core.event_handler.log_command:Invoked command in '/home/josh/robot-ws/src/build/connectFirebasePkg' returned '0': DEBUGINFOD_URLS=https://debuginfod.ubuntu.com PYTHONPATH=/home/josh/robot-ws/src/build/connectFirebasePkg/prefix_override:/usr/lib/python3/dist-packages/colcon_core/task/python/colcon_distutils_commands:/home/josh/robot-ws/src/install/connectFirebasePkg/lib/python3.12/site-packages:${PYTHONPATH} /usr/bin/python3 -W ignore:setup.py install is deprecated -W ignore:easy_install command is deprecated setup.py develop --editable --build-directory /home/josh/robot-ws/src/build/connectFirebasePkg/build --no-deps symlink_data
[4.051s] INFO:colcon.colcon_core.shell:Creating environment descriptor '/home/josh/robot-ws/src/build/connectFirebasePkg/share/connectFirebasePkg/hook/pythonpath_develop.dsv'
[4.052s] INFO:colcon.colcon_core.shell:Creating environment hook '/home/josh/robot-ws/src/build/connectFirebasePkg/share/connectFirebasePkg/hook/pythonpath_develop.sh'
[4.053s] Level 1:colcon.colcon_core.environment:checking '/home/josh/robot-ws/src/install/connectFirebasePkg' for CMake module files
[4.054s] Level 1:colcon.colcon_core.environment:checking '/home/josh/robot-ws/src/install/connectFirebasePkg' for CMake config files
[4.055s] Level 1:colcon.colcon_core.environment:checking '/home/josh/robot-ws/src/install/connectFirebasePkg/lib'
[4.055s] Level 1:colcon.colcon_core.environment:checking '/home/josh/robot-ws/src/install/connectFirebasePkg/bin'
[4.055s] Level 1:colcon.colcon_core.environment:checking '/home/josh/robot-ws/src/install/connectFirebasePkg/lib/pkgconfig/connectFirebasePkg.pc'
[4.055s] Level 1:colcon.colcon_core.environment:checking '/home/josh/robot-ws/src/install/connectFirebasePkg/lib/python3.12/site-packages'
[4.056s] Level 1:colcon.colcon_core.shell:create_environment_hook('connectFirebasePkg', 'pythonpath')
[4.056s] INFO:colcon.colcon_core.shell:Creating environment hook '/home/josh/robot-ws/src/install/connectFirebasePkg/share/connectFirebasePkg/hook/pythonpath.ps1'
[4.057s] INFO:colcon.colcon_core.shell:Creating environment descriptor '/home/josh/robot-ws/src/install/connectFirebasePkg/share/connectFirebasePkg/hook/pythonpath.dsv'
[4.058s] INFO:colcon.colcon_core.shell:Creating environment hook '/home/josh/robot-ws/src/install/connectFirebasePkg/share/connectFirebasePkg/hook/pythonpath.sh'
[4.059s] Level 1:colcon.colcon_core.environment:checking '/home/josh/robot-ws/src/install/connectFirebasePkg/bin'
[4.059s] Level 1:colcon.colcon_core.environment:create_environment_scripts_only(connectFirebasePkg)
[4.060s] INFO:colcon.colcon_core.shell:Creating package script '/home/josh/robot-ws/src/install/connectFirebasePkg/share/connectFirebasePkg/package.ps1'
[4.061s] INFO:colcon.colcon_core.shell:Creating package descriptor '/home/josh/robot-ws/src/install/connectFirebasePkg/share/connectFirebasePkg/package.dsv'
[4.062s] INFO:colcon.colcon_core.shell:Creating package script '/home/josh/robot-ws/src/install/connectFirebasePkg/share/connectFirebasePkg/package.sh'
[4.062s] INFO:colcon.colcon_core.shell:Creating package script '/home/josh/robot-ws/src/install/connectFirebasePkg/share/connectFirebasePkg/package.bash'
[4.063s] INFO:colcon.colcon_core.shell:Creating package script '/home/josh/robot-ws/src/install/connectFirebasePkg/share/connectFirebasePkg/package.zsh'
[4.064s] Level 1:colcon.colcon_core.environment:create_file_with_runtime_dependencies(/home/josh/robot-ws/src/install/connectFirebasePkg/share/colcon-core/packages/connectFirebasePkg)
[4.065s] DEBUG:colcon.colcon_parallel_executor.executor.parallel:closing loop
[4.066s] DEBUG:colcon.colcon_parallel_executor.executor.parallel:loop closed
[4.066s] DEBUG:colcon.colcon_parallel_executor.executor.parallel:run_until_complete finished with '0'
[4.066s] DEBUG:colcon.colcon_core.event_reactor:joining thread
[4.078s] INFO:colcon.colcon_core.plugin_system:Skipping extension 'colcon_notification.desktop_notification.terminal_notifier': Not used on non-Darwin systems
[4.078s] INFO:colcon.colcon_core.plugin_system:Skipping extension 'colcon_notification.desktop_notification.win32': Not used on non-Windows systems
[4.078s] INFO:colcon.colcon_notification.desktop_notification:Sending desktop notification using 'notify2'
[4.114s] DEBUG:colcon.colcon_core.event_reactor:joined thread
[4.114s] INFO:colcon.colcon_core.shell:Creating prefix script '/home/josh/robot-ws/src/install/local_setup.ps1'
[4.121s] INFO:colcon.colcon_core.shell:Creating prefix util module '/home/josh/robot-ws/src/install/_local_setup_util_ps1.py'
[4.125s] INFO:colcon.colcon_core.shell:Creating prefix chain script '/home/josh/robot-ws/src/install/setup.ps1'
[4.128s] INFO:colcon.colcon_core.shell:Creating prefix script '/home/josh/robot-ws/src/install/local_setup.sh'
[4.132s] INFO:colcon.colcon_core.shell:Creating prefix util module '/home/josh/robot-ws/src/install/_local_setup_util_sh.py'
[4.133s] INFO:colcon.colcon_core.shell:Creating prefix chain script '/home/josh/robot-ws/src/install/setup.sh'
[4.138s] INFO:colcon.colcon_core.shell:Creating prefix script '/home/josh/robot-ws/src/install/local_setup.bash'
[4.142s] INFO:colcon.colcon_core.shell:Creating prefix chain script '/home/josh/robot-ws/src/install/setup.bash'
[4.147s] INFO:colcon.colcon_core.shell:Creating prefix script '/home/josh/robot-ws/src/install/local_setup.zsh'
[4.150s] INFO:colcon.colcon_core.shell:Creating prefix chain script '/home/josh/robot-ws/src/install/setup.zsh'
