running develop
running egg_info
creating connectFirebasePkg.egg-info
writing connectFirebasePkg.egg-info/PKG-INFO
writing dependency_links to connectFirebasePkg.egg-info/dependency_links.txt
writing entry points to connectFirebasePkg.egg-info/entry_points.txt
writing requirements to connectFirebasePkg.egg-info/requires.txt
writing top-level names to connectFirebasePkg.egg-info/top_level.txt
writing manifest file 'connectFirebasePkg.egg-info/SOURCES.txt'
reading manifest file 'connectFirebasePkg.egg-info/SOURCES.txt'
writing manifest file 'connectFirebasePkg.egg-info/SOURCES.txt'
running build_ext
Creating /home/josh/robot-ws/src/install/connectFirebasePkg/lib/python3.12/site-packages/connectFirebasePkg.egg-link (link to .)
Installing firebase_listener_node script to /home/josh/robot-ws/src/install/connectFirebasePkg/lib/connectFirebasePkg

Installed /home/josh/robot-ws/src/build/connectFirebasePkg
running symlink_data
creating /home/josh/robot-ws/src/install/connectFirebasePkg/share/ament_index
creating /home/josh/robot-ws/src/install/connectFirebasePkg/share/ament_index/resource_index
creating /home/josh/robot-ws/src/install/connectFirebasePkg/share/ament_index/resource_index/packages
symbolically linking /home/josh/robot-ws/src/build/connectFirebasePkg/resource/connectFirebasePkg -> /home/josh/robot-ws/src/install/connectFirebasePkg/share/ament_index/resource_index/packages
symbolically linking /home/josh/robot-ws/src/build/connectFirebasePkg/package.xml -> /home/josh/robot-ws/src/install/connectFirebasePkg/share/connectFirebasePkg
