running develop
running egg_info
creating SerialCommsPkg.egg-info
writing SerialCommsPkg.egg-info/PKG-INFO
writing dependency_links to SerialCommsPkg.egg-info/dependency_links.txt
writing entry points to SerialCommsPkg.egg-info/entry_points.txt
writing requirements to SerialCommsPkg.egg-info/requires.txt
writing top-level names to SerialCommsPkg.egg-info/top_level.txt
writing manifest file 'SerialCommsPkg.egg-info/SOURCES.txt'
reading manifest file 'SerialCommsPkg.egg-info/SOURCES.txt'
writing manifest file 'SerialCommsPkg.egg-info/SOURCES.txt'
running build_ext
Creating /home/josh/robot-ws/src/install/SerialCommsPkg/lib/python3.12/site-packages/SerialCommsPkg.egg-link (link to .)
Installing serialInitialize script to /home/josh/robot-ws/src/install/SerialCommsPkg/lib/SerialCommsPkg

Installed /home/josh/robot-ws/src/build/SerialCommsPkg
running symlink_data
creating /home/josh/robot-ws/src/install/SerialCommsPkg/share/ament_index
creating /home/josh/robot-ws/src/install/SerialCommsPkg/share/ament_index/resource_index
creating /home/josh/robot-ws/src/install/SerialCommsPkg/share/ament_index/resource_index/packages
symbolically linking /home/josh/robot-ws/src/build/SerialCommsPkg/resource/SerialCommsPkg -> /home/josh/robot-ws/src/install/SerialCommsPkg/share/ament_index/resource_index/packages
symbolically linking /home/josh/robot-ws/src/build/SerialCommsPkg/package.xml -> /home/josh/robot-ws/src/install/SerialCommsPkg/share/SerialCommsPkg
