[2.057s] Invoking command in '/home/josh/robot-ws/src/build/SerialCommsPkg': DEBUGINFOD_URLS=https://debuginfod.ubuntu.com PS1=\[\e]0;\u@\h: \w\a\]${debian_chroot:+($debian_chroot)}\[\033[01;32m\]\u@\h\[\033[00m\]:\[\033[01;34m\]\w\[\033[00m\]\$ PYTHONPATH=/home/josh/robot-ws/src/build/SerialCommsPkg/prefix_override:/usr/lib/python3/dist-packages/colcon_core/task/python/colcon_distutils_commands:/home/josh/robot-ws/src/install/SerialCommsPkg/lib/python3.12/site-packages:${PYTHONPATH} /usr/bin/python3 -W ignore:setup.py install is deprecated -W ignore:easy_install command is deprecated setup.py develop --editable --build-directory /home/josh/robot-ws/src/build/SerialCommsPkg/build --no-deps symlink_data
[2.595s] running develop
[2.973s] running egg_info
[2.974s] creating SerialCommsPkg.egg-info
[3.037s] writing SerialCommsPkg.egg-info/PKG-INFO
[3.040s] writing dependency_links to SerialCommsPkg.egg-info/dependency_links.txt
[3.041s] writing entry points to SerialCommsPkg.egg-info/entry_points.txt
[3.043s] writing requirements to SerialCommsPkg.egg-info/requires.txt
[3.043s] writing top-level names to SerialCommsPkg.egg-info/top_level.txt
[3.043s] writing manifest file 'SerialCommsPkg.egg-info/SOURCES.txt'
[3.133s] reading manifest file 'SerialCommsPkg.egg-info/SOURCES.txt'
[3.135s] writing manifest file 'SerialCommsPkg.egg-info/SOURCES.txt'
[3.195s] running build_ext
[3.197s] Creating /home/josh/robot-ws/src/install/SerialCommsPkg/lib/python3.12/site-packages/SerialCommsPkg.egg-link (link to .)
[3.198s] Installing serialInitialize script to /home/josh/robot-ws/src/install/SerialCommsPkg/lib/SerialCommsPkg
[3.200s] 
[3.201s] Installed /home/josh/robot-ws/src/build/SerialCommsPkg
[3.202s] running symlink_data
[3.202s] creating /home/josh/robot-ws/src/install/SerialCommsPkg/share/ament_index
[3.204s] creating /home/josh/robot-ws/src/install/SerialCommsPkg/share/ament_index/resource_index
[3.204s] creating /home/josh/robot-ws/src/install/SerialCommsPkg/share/ament_index/resource_index/packages
[3.206s] symbolically linking /home/josh/robot-ws/src/build/SerialCommsPkg/resource/SerialCommsPkg -> /home/josh/robot-ws/src/install/SerialCommsPkg/share/ament_index/resource_index/packages
[3.206s] symbolically linking /home/josh/robot-ws/src/build/SerialCommsPkg/package.xml -> /home/josh/robot-ws/src/install/SerialCommsPkg/share/SerialCommsPkg
[3.356s] Invoked command in '/home/josh/robot-ws/src/build/SerialCommsPkg' returned '0': DEBUGINFOD_URLS=https://debuginfod.ubuntu.com PS1=\[\e]0;\u@\h: \w\a\]${debian_chroot:+($debian_chroot)}\[\033[01;32m\]\u@\h\[\033[00m\]:\[\033[01;34m\]\w\[\033[00m\]\$ PYTHONPATH=/home/josh/robot-ws/src/build/SerialCommsPkg/prefix_override:/usr/lib/python3/dist-packages/colcon_core/task/python/colcon_distutils_commands:/home/josh/robot-ws/src/install/SerialCommsPkg/lib/python3.12/site-packages:${PYTHONPATH} /usr/bin/python3 -W ignore:setup.py install is deprecated -W ignore:easy_install command is deprecated setup.py develop --editable --build-directory /home/josh/robot-ws/src/build/SerialCommsPkg/build --no-deps symlink_data
